This file contains any messages produced by compilers while
running configure, to aid debugging if configure makes a mistake.

It was created by 42sh configure 1.0, which was
generated by GNU Autoconf 2.71.  Invocation command line was

  $ ./configure --no-create --no-recursion

## --------- ##
## Platform. ##
## --------- ##

hostname = Dragon-fly
uname -m = x86_64
uname -r = 5.15.167.4-microsoft-standard-WSL2
uname -s = Linux
uname -v = #1 SMP Tue Nov 5 00:21:55 UTC 2024

/usr/bin/uname -p = x86_64
/bin/uname -X     = unknown

/bin/arch              = x86_64
/usr/bin/arch -k       = unknown
/usr/convex/getsysinfo = unknown
/usr/bin/hostinfo      = unknown
/bin/machine           = unknown
/usr/bin/oslevel       = unknown
/bin/universe          = unknown

PATH: /home/gaspard/.local/bin/
PATH: /home/gaspard/.nvm/versions/node/v22.12.0/bin/
PATH: /home/gaspard/.pyenv/shims/
PATH: /home/gaspard/.pyenv/bin/
PATH: /home/linuxbrew/.linuxbrew/bin/
PATH: /home/linuxbrew/.linuxbrew/sbin/
PATH: /home/gaspard/.cargo/bin/
PATH: /usr/local/sbin/
PATH: /usr/local/bin/
PATH: /usr/sbin/
PATH: /usr/bin/
PATH: /sbin/
PATH: /bin/
PATH: /usr/games/
PATH: /usr/local/games/
PATH: /usr/lib/wsl/lib/
PATH: /mnt/c/Program Files/WindowsApps/CanonicalGroupLimited.Ubuntu_2404.1.68.0_x64__79rhkp1fndgsc/
PATH: /mnt/c/WINDOWS/system32/
PATH: /mnt/c/WINDOWS/
PATH: /mnt/c/WINDOWS/System32/Wbem/
PATH: /mnt/c/WINDOWS/System32/WindowsPowerShell/v1.0/
PATH: /mnt/c/WINDOWS/System32/OpenSSH/
PATH: /mnt/c/Program Files/Git/cmd/
PATH: /mnt/c/Program Files/Microsoft SQL Server/150/Tools/Binn/
PATH: /mnt/c/Program Files/Microsoft SQL Server/Client SDK/ODBC/170/Tools/Binn/
PATH: /mnt/c/Program Files/dotnet/
PATH: /mnt/c/Users/Alpha/AppData/Roaming/nvm/
PATH: /mnt/c/Program Files/nodejs/
PATH: /mnt/c/Program Files/Azure Data Studio/bin/
PATH: /mnt/c/Program Files (x86)/Microsoft SQL Server/160/Tools/Binn/
PATH: /mnt/c/Program Files/Microsoft SQL Server/160/Tools/Binn/
PATH: /mnt/c/Program Files/Microsoft SQL Server/160/DTS/Binn/
PATH: /mnt/c/Program Files (x86)/Windows Kits/10/Windows Performance Toolkit/
PATH: /mnt/c/Users/Alpha/AppData/Local/Microsoft/WindowsApps/
PATH: /mnt/c/Users/Alpha/AppData/Local/gitkraken/bin/
PATH: /mnt/c/Users/Alpha/AppData/Local/Microsoft/WindowsApps/
PATH: /mnt/c/MinGW/bin/
PATH: /mnt/c/Users/Alpha/.dotnet/tools/
PATH: /mnt/c/Users/Alpha/AppData/Roaming/nvm/
PATH: /mnt/c/Program Files/nodejs/
PATH: /mnt/c/Program Files/Azure Data Studio/bin/
PATH: /mnt/c/Users/Alpha/AppData/Local/GitHubDesktop/bin/
PATH: /mnt/c/dev/flutter/bin/
PATH: /mnt/c/Users/Alpha/AppData/Local/Programs/Microsoft VS Code/bin/
PATH: /mnt/c/Users/Alpha/AppData/Local/Programs/MiKTeX/miktex/bin/x64/
PATH: /snap/bin/


## ----------- ##
## Core tests. ##
## ----------- ##

configure:2157: looking for aux files: compile ar-lib missing install-sh
configure:2170:  trying ./
configure:2199:   ./compile found
configure:2199:   ./ar-lib found
configure:2199:   ./missing found
configure:2181:   ./install-sh found
configure:2330: checking for a BSD-compatible install
configure:2403: result: /usr/bin/install -c
configure:2414: checking whether build environment is sane
configure:2469: result: yes
configure:2628: checking for a race-free mkdir -p
configure:2672: result: /usr/bin/mkdir -p
configure:2679: checking for gawk
configure:2700: found /usr/bin/gawk
configure:2711: result: gawk
configure:2722: checking whether make sets $(MAKE)
configure:2745: result: yes
configure:2775: checking whether make supports nested variables
configure:2793: result: yes
configure:2943: checking whether make supports nested variables
configure:2961: result: yes
configure:2987: checking whether make supports the include directive
configure:3002: make -f confmf.GNU && cat confinc.out
make[1]: Entering directory '/home/gaspard/ing/42sh/ekip49'
make[1]: Leaving directory '/home/gaspard/ing/42sh/ekip49'
this is the am__doit target
configure:3005: $? = 0
configure:3024: result: yes (GNU style)
configure:3100: checking for gcc
configure:3121: found /usr/bin/gcc
configure:3132: result: gcc
configure:3485: checking for C compiler version
configure:3494: gcc --version >&5
gcc (Ubuntu 11.4.0-1ubuntu1~22.04) 11.4.0
Copyright (C) 2021 Free Software Foundation, Inc.
This is free software; see the source for copying conditions.  There is NO
warranty; not even for MERCHANTABILITY or FITNESS FOR A PARTICULAR PURPOSE.

configure:3505: $? = 0
configure:3494: gcc -v >&5
Using built-in specs.
COLLECT_GCC=gcc
COLLECT_LTO_WRAPPER=/usr/lib/gcc/x86_64-linux-gnu/11/lto-wrapper
OFFLOAD_TARGET_NAMES=nvptx-none:amdgcn-amdhsa
OFFLOAD_TARGET_DEFAULT=1
Target: x86_64-linux-gnu
Configured with: ../src/configure -v --with-pkgversion='Ubuntu 11.4.0-1ubuntu1~22.04' --with-bugurl=file:///usr/share/doc/gcc-11/README.Bugs --enable-languages=c,ada,c++,go,brig,d,fortran,objc,obj-c++,m2 --prefix=/usr --with-gcc-major-version-only --program-suffix=-11 --program-prefix=x86_64-linux-gnu- --enable-shared --enable-linker-build-id --libexecdir=/usr/lib --without-included-gettext --enable-threads=posix --libdir=/usr/lib --enable-nls --enable-bootstrap --enable-clocale=gnu --enable-libstdcxx-debug --enable-libstdcxx-time=yes --with-default-libstdcxx-abi=new --enable-gnu-unique-object --disable-vtable-verify --enable-plugin --enable-default-pie --with-system-zlib --enable-libphobos-checking=release --with-target-system-zlib=auto --enable-objc-gc=auto --enable-multiarch --disable-werror --enable-cet --with-arch-32=i686 --with-abi=m64 --with-multilib-list=m32,m64,mx32 --enable-multilib --with-tune=generic --enable-offload-targets=nvptx-none=/build/gcc-11-XeT9lY/gcc-11-11.4.0/debian/tmp-nvptx/usr,amdgcn-amdhsa=/build/gcc-11-XeT9lY/gcc-11-11.4.0/debian/tmp-gcn/usr --without-cuda-driver --enable-checking=release --build=x86_64-linux-gnu --host=x86_64-linux-gnu --target=x86_64-linux-gnu --with-build-config=bootstrap-lto-lean --enable-link-serialization=2
Thread model: posix
Supported LTO compression algorithms: zlib zstd
gcc version 11.4.0 (Ubuntu 11.4.0-1ubuntu1~22.04) 
... rest of stderr output deleted ...
configure:3505: $? = 0
configure:3494: gcc -V >&5
gcc: error: unrecognized command-line option '-V'
gcc: fatal error: no input files
compilation terminated.
configure:3505: $? = 1
configure:3494: gcc -qversion >&5
gcc: error: unrecognized command-line option '-qversion'; did you mean '--version'?
gcc: fatal error: no input files
compilation terminated.
configure:3505: $? = 1
configure:3494: gcc -version >&5
gcc: error: unrecognized command-line option '-version'
gcc: fatal error: no input files
compilation terminated.
configure:3505: $? = 1
configure:3525: checking whether the C compiler works
configure:3547: gcc    conftest.c  >&5
configure:3551: $? = 0
configure:3601: result: yes
configure:3604: checking for C compiler default output file name
configure:3606: result: a.out
configure:3612: checking for suffix of executables
configure:3619: gcc -o conftest    conftest.c  >&5
configure:3623: $? = 0
configure:3646: result: 
configure:3668: checking whether we are cross compiling
configure:3676: gcc -o conftest    conftest.c  >&5
configure:3680: $? = 0
configure:3687: ./conftest
configure:3691: $? = 0
configure:3706: result: no
configure:3711: checking for suffix of object files
configure:3734: gcc -c   conftest.c >&5
configure:3738: $? = 0
configure:3760: result: o
configure:3764: checking whether the compiler supports GNU C
configure:3784: gcc -c   conftest.c >&5
configure:3784: $? = 0
configure:3794: result: yes
configure:3805: checking whether gcc accepts -g
configure:3826: gcc -c -g  conftest.c >&5
configure:3826: $? = 0
configure:3870: result: yes
configure:3890: checking for gcc option to enable C11 features
configure:3905: gcc  -c -g -O2  conftest.c >&5
configure:3905: $? = 0
configure:3923: result: none needed
configure:4039: checking whether gcc understands -c and -o together
configure:4062: gcc -c conftest.c -o conftest2.o
configure:4065: $? = 0
configure:4062: gcc -c conftest.c -o conftest2.o
configure:4065: $? = 0
configure:4077: result: yes
configure:4096: checking dependency style of gcc
configure:4208: result: gcc3
configure:4279: checking for ar
configure:4300: found /usr/bin/ar
configure:4311: result: ar
configure:4337: checking the archiver (ar) interface
configure:4354: gcc -c -g -O2  conftest.c >&5
configure:4354: $? = 0
configure:4357: ar cru libconftest.a conftest.o >&5
ar: `u' modifier ignored since `D' is the default (see `U')
configure:4360: $? = 0
configure:4388: result: ar
configure:4458: checking for ranlib
configure:4479: found /usr/bin/ranlib
configure:4490: result: ranlib
configure:4567: checking for gcc
configure:4599: result: gcc
configure:4952: checking for C compiler version
configure:4961: gcc --version >&5
gcc (Ubuntu 11.4.0-1ubuntu1~22.04) 11.4.0
Copyright (C) 2021 Free Software Foundation, Inc.
This is free software; see the source for copying conditions.  There is NO
warranty; not even for MERCHANTABILITY or FITNESS FOR A PARTICULAR PURPOSE.

configure:4972: $? = 0
configure:4961: gcc -v >&5
Using built-in specs.
COLLECT_GCC=gcc
COLLECT_LTO_WRAPPER=/usr/lib/gcc/x86_64-linux-gnu/11/lto-wrapper
OFFLOAD_TARGET_NAMES=nvptx-none:amdgcn-amdhsa
OFFLOAD_TARGET_DEFAULT=1
Target: x86_64-linux-gnu
Configured with: ../src/configure -v --with-pkgversion='Ubuntu 11.4.0-1ubuntu1~22.04' --with-bugurl=file:///usr/share/doc/gcc-11/README.Bugs --enable-languages=c,ada,c++,go,brig,d,fortran,objc,obj-c++,m2 --prefix=/usr --with-gcc-major-version-only --program-suffix=-11 --program-prefix=x86_64-linux-gnu- --enable-shared --enable-linker-build-id --libexecdir=/usr/lib --without-included-gettext --enable-threads=posix --libdir=/usr/lib --enable-nls --enable-bootstrap --enable-clocale=gnu --enable-libstdcxx-debug --enable-libstdcxx-time=yes --with-default-libstdcxx-abi=new --enable-gnu-unique-object --disable-vtable-verify --enable-plugin --enable-default-pie --with-system-zlib --enable-libphobos-checking=release --with-target-system-zlib=auto --enable-objc-gc=auto --enable-multiarch --disable-werror --enable-cet --with-arch-32=i686 --with-abi=m64 --with-multilib-list=m32,m64,mx32 --enable-multilib --with-tune=generic --enable-offload-targets=nvptx-none=/build/gcc-11-XeT9lY/gcc-11-11.4.0/debian/tmp-nvptx/usr,amdgcn-amdhsa=/build/gcc-11-XeT9lY/gcc-11-11.4.0/debian/tmp-gcn/usr --without-cuda-driver --enable-checking=release --build=x86_64-linux-gnu --host=x86_64-linux-gnu --target=x86_64-linux-gnu --with-build-config=bootstrap-lto-lean --enable-link-serialization=2
Thread model: posix
Supported LTO compression algorithms: zlib zstd
gcc version 11.4.0 (Ubuntu 11.4.0-1ubuntu1~22.04) 
... rest of stderr output deleted ...
configure:4972: $? = 0
configure:4961: gcc -V >&5
gcc: error: unrecognized command-line option '-V'
gcc: fatal error: no input files
compilation terminated.
configure:4972: $? = 1
configure:4961: gcc -qversion >&5
gcc: error: unrecognized command-line option '-qversion'; did you mean '--version'?
gcc: fatal error: no input files
compilation terminated.
configure:4972: $? = 1
configure:4961: gcc -version >&5
gcc: error: unrecognized command-line option '-version'
gcc: fatal error: no input files
compilation terminated.
configure:4972: $? = 1
configure:4976: checking whether the compiler supports GNU C
configure:5006: result: yes
configure:5017: checking whether gcc accepts -g
configure:5082: result: yes
configure:5102: checking for gcc option to enable C11 features
configure:5135: result: none needed
configure:5251: checking whether gcc understands -c and -o together
configure:5289: result: yes
configure:5308: checking dependency style of gcc
configure:5420: result: gcc3
configure:5437: checking for a sed that does not truncate output
configure:5507: result: /usr/bin/sed
configure:5593: gcc -c -g -O2  conftest.c >&5
conftest.c:13:9: error: #error "no C++"
   13 |        #error "no C++"
      |         ^~~~~
configure:5593: $? = 1
configure: failed program was:
| /* confdefs.h */
| #define PACKAGE_NAME "42sh"
| #define PACKAGE_TARNAME "42sh"
| #define PACKAGE_VERSION "1.0"
| #define PACKAGE_STRING "42sh 1.0"
| #define PACKAGE_BUGREPORT "42sh@assistants.epita.fr"
| #define PACKAGE_URL ""
| #define PACKAGE "42sh"
| #define VERSION "1.0"
| /* end confdefs.h.  */
| 
|       #ifndef __cplusplus
|        #error "no C++"
|        #endif
| int
| main (void)
| {
| 
|   ;
|   return 0;
| }
configure:5606: checking whether C compiler accepts -Werror=unknown-warning-option
configure:5626: gcc -c -g -O2  -Werror=unknown-warning-option  conftest.c >&5
cc1: error: '-Werror=unknown-warning-option': no option '-Wunknown-warning-option'
configure:5626: $? = 1
configure: failed program was:
| /* confdefs.h */
| #define PACKAGE_NAME "42sh"
| #define PACKAGE_TARNAME "42sh"
| #define PACKAGE_VERSION "1.0"
| #define PACKAGE_STRING "42sh 1.0"
| #define PACKAGE_BUGREPORT "42sh@assistants.epita.fr"
| #define PACKAGE_URL ""
| #define PACKAGE "42sh"
| #define VERSION "1.0"
| /* end confdefs.h.  */
| 
| int
| main (void)
| {
| 
|   ;
|   return 0;
| }
configure:5635: result: no
configure:5650: checking whether C compiler accepts -Wno-suggest-attribute=format
configure:5670: gcc -c -g -O2  -Wno-suggest-attribute=format  conftest.c >&5
configure:5670: $? = 0
configure:5679: result: yes
configure:5701: checking whether C compiler accepts -fno-strict-aliasing
configure:5721: gcc -c -g -O2  -fno-strict-aliasing  conftest.c >&5
configure:5721: $? = 0
configure:5731: result: yes
configure:5760: : WARN_CFLAGS="$WARN_CFLAGS"
configure:5763: $? = 0
configure:5701: checking whether C compiler accepts -std=c99
configure:5721: gcc -c -g -O2  -std=c99  conftest.c >&5
configure:5721: $? = 0
configure:5731: result: yes
configure:5749: : WARN_CFLAGS="$WARN_CFLAGS"
configure:5752: $? = 0
configure:5701: checking whether C compiler accepts -Werror
configure:5721: gcc -c -g -O2  -Werror  conftest.c >&5
configure:5721: $? = 0
configure:5731: result: yes
configure:5749: : WARN_CFLAGS="$WARN_CFLAGS"
configure:5752: $? = 0
configure:5701: checking whether C compiler accepts -Wall
configure:5721: gcc -c -g -O2  -Wall  conftest.c >&5
configure:5721: $? = 0
configure:5731: result: yes
configure:5749: : WARN_CFLAGS="$WARN_CFLAGS"
configure:5752: $? = 0
configure:5701: checking whether C compiler accepts -Wextra
configure:5721: gcc -c -g -O2  -Wextra  conftest.c >&5
configure:5721: $? = 0
configure:5731: result: yes
configure:5749: : WARN_CFLAGS="$WARN_CFLAGS"
configure:5752: $? = 0
configure:5701: checking whether C compiler accepts -Wvla
configure:5721: gcc -c -g -O2  -Wvla  conftest.c >&5
configure:5721: $? = 0
configure:5731: result: yes
configure:5749: : WARN_CFLAGS="$WARN_CFLAGS"
configure:5752: $? = 0
configure:5701: checking whether C compiler accepts -pedantic
configure:5721: gcc -c -g -O2  -pedantic  conftest.c >&5
configure:5721: $? = 0
configure:5731: result: yes
configure:5749: : WARN_CFLAGS="$WARN_CFLAGS"
configure:5752: $? = 0
configure:5701: checking whether C compiler accepts -g
configure:5721: gcc -c -g -O2  -g  conftest.c >&5
configure:5721: $? = 0
configure:5731: result: yes
configure:5749: : WARN_CFLAGS="$WARN_CFLAGS"
configure:5752: $? = 0
configure:5701: checking whether C compiler accepts -O0
configure:5721: gcc -c -g -O2  -O0  conftest.c >&5
configure:5721: $? = 0
configure:5731: result: yes
configure:5749: : WARN_CFLAGS="$WARN_CFLAGS"
configure:5752: $? = 0
configure:5701: checking whether C compiler accepts -fsanitize=address
configure:5721: gcc -c -g -O2  -fsanitize=address  conftest.c >&5
configure:5721: $? = 0
configure:5731: result: yes
configure:5749: : WARN_CFLAGS="$WARN_CFLAGS"
configure:5752: $? = 0
configure:5786: checking whether C compiler accepts -Wnested-externs
configure:5806: gcc -c -g -O2  -Wnested-externs  conftest.c >&5
configure:5806: $? = 0
configure:5816: result: yes
configure:5834: : WARN_CFLAGS="$WARN_CFLAGS"
configure:5837: $? = 0
configure:5786: checking whether C compiler accepts -Wmissing-prototypes
configure:5806: gcc -c -g -O2  -Wmissing-prototypes  conftest.c >&5
configure:5806: $? = 0
configure:5816: result: yes
configure:5834: : WARN_CFLAGS="$WARN_CFLAGS"
configure:5837: $? = 0
configure:5786: checking whether C compiler accepts -Wstrict-prototypes
configure:5806: gcc -c -g -O2  -Wstrict-prototypes  conftest.c >&5
configure:5806: $? = 0
configure:5816: result: yes
configure:5834: : WARN_CFLAGS="$WARN_CFLAGS"
configure:5837: $? = 0
configure:5786: checking whether C compiler accepts -Wdeclaration-after-statement
configure:5806: gcc -c -g -O2  -Wdeclaration-after-statement  conftest.c >&5
configure:5806: $? = 0
configure:5816: result: yes
configure:5834: : WARN_CFLAGS="$WARN_CFLAGS"
configure:5837: $? = 0
configure:5786: checking whether C compiler accepts -Wimplicit-function-declaration
configure:5806: gcc -c -g -O2  -Wimplicit-function-declaration  conftest.c >&5
configure:5806: $? = 0
configure:5816: result: yes
configure:5834: : WARN_CFLAGS="$WARN_CFLAGS"
configure:5837: $? = 0
configure:5786: checking whether C compiler accepts -Wold-style-definition
configure:5806: gcc -c -g -O2  -Wold-style-definition  conftest.c >&5
configure:5806: $? = 0
configure:5816: result: yes
configure:5834: : WARN_CFLAGS="$WARN_CFLAGS"
configure:5837: $? = 0
configure:5786: checking whether C compiler accepts -Wjump-misses-init
configure:5806: gcc -c -g -O2  -Wjump-misses-init  conftest.c >&5
configure:5806: $? = 0
configure:5816: result: yes
configure:5834: : WARN_CFLAGS="$WARN_CFLAGS"
configure:5837: $? = 0
configure:5868: checking whether C compiler accepts -Wall
configure:5898: result: yes
configure:5908: : WARN_CFLAGS already contains $flag
configure:5911: $? = 0
configure:5868: checking whether C compiler accepts -Wextra
configure:5898: result: yes
configure:5908: : WARN_CFLAGS already contains $flag
configure:5911: $? = 0
configure:5868: checking whether C compiler accepts -Wundef
configure:5888: gcc -c -g -O2  -Wundef  conftest.c >&5
configure:5888: $? = 0
configure:5898: result: yes
configure:5916: : WARN_CFLAGS="$WARN_CFLAGS"
configure:5919: $? = 0
configure:5868: checking whether C compiler accepts -Wwrite-strings
configure:5888: gcc -c -g -O2  -Wwrite-strings  conftest.c >&5
configure:5888: $? = 0
configure:5898: result: yes
configure:5916: : WARN_CFLAGS="$WARN_CFLAGS"
configure:5919: $? = 0
configure:5868: checking whether C compiler accepts -Wpointer-arith
configure:5888: gcc -c -g -O2  -Wpointer-arith  conftest.c >&5
configure:5888: $? = 0
configure:5898: result: yes
configure:5916: : WARN_CFLAGS="$WARN_CFLAGS"
configure:5919: $? = 0
configure:5868: checking whether C compiler accepts -Wmissing-declarations
configure:5888: gcc -c -g -O2  -Wmissing-declarations  conftest.c >&5
configure:5888: $? = 0
configure:5898: result: yes
configure:5916: : WARN_CFLAGS="$WARN_CFLAGS"
configure:5919: $? = 0
configure:5868: checking whether C compiler accepts -Wredundant-decls
configure:5888: gcc -c -g -O2  -Wredundant-decls  conftest.c >&5
configure:5888: $? = 0
configure:5898: result: yes
configure:5916: : WARN_CFLAGS="$WARN_CFLAGS"
configure:5919: $? = 0
configure:5868: checking whether C compiler accepts -Wno-unused-parameter
configure:5888: gcc -c -g -O2  -Wno-unused-parameter  conftest.c >&5
configure:5888: $? = 0
configure:5898: result: yes
configure:5916: : WARN_CFLAGS="$WARN_CFLAGS"
configure:5919: $? = 0
configure:5868: checking whether C compiler accepts -Wno-missing-field-initializers
configure:5888: gcc -c -g -O2  -Wno-missing-field-initializers  conftest.c >&5
configure:5888: $? = 0
configure:5898: result: yes
configure:5916: : WARN_CFLAGS="$WARN_CFLAGS"
configure:5919: $? = 0
configure:5868: checking whether C compiler accepts -Wformat=2
configure:5888: gcc -c -g -O2  -Wformat=2  conftest.c >&5
configure:5888: $? = 0
configure:5898: result: yes
configure:5916: : WARN_CFLAGS="$WARN_CFLAGS"
configure:5919: $? = 0
configure:5868: checking whether C compiler accepts -Wcast-align
configure:5888: gcc -c -g -O2  -Wcast-align  conftest.c >&5
configure:5888: $? = 0
configure:5898: result: yes
configure:5916: : WARN_CFLAGS="$WARN_CFLAGS"
configure:5919: $? = 0
configure:5868: checking whether C compiler accepts -Wformat-nonliteral
configure:5888: gcc -c -g -O2  -Wformat-nonliteral  conftest.c >&5
configure:5888: $? = 0
configure:5898: result: yes
configure:5916: : WARN_CFLAGS="$WARN_CFLAGS"
configure:5919: $? = 0
configure:5868: checking whether C compiler accepts -Wformat-security
configure:5888: gcc -c -g -O2  -Wformat-security  conftest.c >&5
configure:5888: $? = 0
configure:5898: result: yes
configure:5916: : WARN_CFLAGS="$WARN_CFLAGS"
configure:5919: $? = 0
configure:5868: checking whether C compiler accepts -Wsign-compare
configure:5888: gcc -c -g -O2  -Wsign-compare  conftest.c >&5
configure:5888: $? = 0
configure:5898: result: yes
configure:5916: : WARN_CFLAGS="$WARN_CFLAGS"
configure:5919: $? = 0
configure:5868: checking whether C compiler accepts -Wstrict-aliasing
configure:5888: gcc -c -g -O2  -Wstrict-aliasing  conftest.c >&5
configure:5888: $? = 0
configure:5898: result: yes
configure:5916: : WARN_CFLAGS="$WARN_CFLAGS"
configure:5919: $? = 0
configure:5868: checking whether C compiler accepts -Wshadow
configure:5888: gcc -c -g -O2  -Wshadow  conftest.c >&5
configure:5888: $? = 0
configure:5898: result: yes
configure:5916: : WARN_CFLAGS="$WARN_CFLAGS"
configure:5919: $? = 0
configure:5868: checking whether C compiler accepts -Winline
configure:5888: gcc -c -g -O2  -Winline  conftest.c >&5
configure:5888: $? = 0
configure:5898: result: yes
configure:5916: : WARN_CFLAGS="$WARN_CFLAGS"
configure:5919: $? = 0
configure:5868: checking whether C compiler accepts -Wpacked
configure:5888: gcc -c -g -O2  -Wpacked  conftest.c >&5
configure:5888: $? = 0
configure:5898: result: yes
configure:5916: : WARN_CFLAGS="$WARN_CFLAGS"
configure:5919: $? = 0
configure:5868: checking whether C compiler accepts -Wmissing-format-attribute
configure:5888: gcc -c -g -O2  -Wmissing-format-attribute  conftest.c >&5
configure:5888: $? = 0
configure:5898: result: yes
configure:5916: : WARN_CFLAGS="$WARN_CFLAGS"
configure:5919: $? = 0
configure:5868: checking whether C compiler accepts -Wmissing-noreturn
configure:5888: gcc -c -g -O2  -Wmissing-noreturn  conftest.c >&5
configure:5888: $? = 0
configure:5898: result: yes
configure:5916: : WARN_CFLAGS="$WARN_CFLAGS"
configure:5919: $? = 0
configure:5868: checking whether C compiler accepts -Winit-self
configure:5888: gcc -c -g -O2  -Winit-self  conftest.c >&5
configure:5888: $? = 0
configure:5898: result: yes
configure:5916: : WARN_CFLAGS="$WARN_CFLAGS"
configure:5919: $? = 0
configure:5868: checking whether C compiler accepts -Wredundant-decls
configure:5898: result: yes
configure:5908: : WARN_CFLAGS already contains $flag
configure:5911: $? = 0
configure:5868: checking whether C compiler accepts -Wmissing-include-dirs
configure:5888: gcc -c -g -O2  -Wmissing-include-dirs  conftest.c >&5
configure:5888: $? = 0
configure:5898: result: yes
configure:5916: : WARN_CFLAGS="$WARN_CFLAGS"
configure:5919: $? = 0
configure:5868: checking whether C compiler accepts -Wunused-but-set-variable
configure:5888: gcc -c -g -O2  -Wunused-but-set-variable  conftest.c >&5
configure:5888: $? = 0
configure:5898: result: yes
configure:5916: : WARN_CFLAGS="$WARN_CFLAGS"
configure:5919: $? = 0
configure:5868: checking whether C compiler accepts -Warray-bounds
configure:5888: gcc -c -g -O2  -Warray-bounds  conftest.c >&5
configure:5888: $? = 0
configure:5898: result: yes
configure:5916: : WARN_CFLAGS="$WARN_CFLAGS"
configure:5919: $? = 0
configure:5868: checking whether C compiler accepts -Wreturn-type
configure:5888: gcc -c -g -O2  -Wreturn-type  conftest.c >&5
configure:5888: $? = 0
configure:5898: result: yes
configure:5916: : WARN_CFLAGS="$WARN_CFLAGS"
configure:5919: $? = 0
configure:5868: checking whether C compiler accepts -Wswitch-enum
configure:5888: gcc -c -g -O2  -Wswitch-enum  conftest.c >&5
configure:5888: $? = 0
configure:5898: result: yes
configure:5916: : WARN_CFLAGS="$WARN_CFLAGS"
configure:5919: $? = 0
configure:5868: checking whether C compiler accepts -Wswitch-default
configure:5888: gcc -c -g -O2  -Wswitch-default  conftest.c >&5
configure:5888: $? = 0
configure:5898: result: yes
configure:5916: : WARN_CFLAGS="$WARN_CFLAGS"
configure:5919: $? = 0
configure:5868: checking whether C compiler accepts -Wduplicated-cond
configure:5888: gcc -c -g -O2  -Wduplicated-cond  conftest.c >&5
configure:5888: $? = 0
configure:5898: result: yes
configure:5916: : WARN_CFLAGS="$WARN_CFLAGS"
configure:5919: $? = 0
configure:5868: checking whether C compiler accepts -Wduplicated-branches
configure:5888: gcc -c -g -O2  -Wduplicated-branches  conftest.c >&5
configure:5888: $? = 0
configure:5898: result: yes
configure:5916: : WARN_CFLAGS="$WARN_CFLAGS"
configure:5919: $? = 0
configure:5868: checking whether C compiler accepts -Wlogical-op
configure:5888: gcc -c -g -O2  -Wlogical-op  conftest.c >&5
configure:5888: $? = 0
configure:5898: result: yes
configure:5916: : WARN_CFLAGS="$WARN_CFLAGS"
configure:5919: $? = 0
configure:5868: checking whether C compiler accepts -Wrestrict
configure:5888: gcc -c -g -O2  -Wrestrict  conftest.c >&5
configure:5888: $? = 0
configure:5898: result: yes
configure:5916: : WARN_CFLAGS="$WARN_CFLAGS"
configure:5919: $? = 0
configure:5868: checking whether C compiler accepts -Wnull-dereference
configure:5888: gcc -c -g -O2  -Wnull-dereference  conftest.c >&5
configure:5888: $? = 0
configure:5898: result: yes
configure:5916: : WARN_CFLAGS="$WARN_CFLAGS"
configure:5919: $? = 0
configure:5868: checking whether C compiler accepts -Wdouble-promotion
configure:5888: gcc -c -g -O2  -Wdouble-promotion  conftest.c >&5
configure:5888: $? = 0
configure:5898: result: yes
configure:5916: : WARN_CFLAGS="$WARN_CFLAGS"
configure:5919: $? = 0
configure:5957: : WARN_CFLAGS already contains -Werror
configure:5960: $? = 0
configure:5991: checking whether C compiler accepts -Wno-suggest-attribute=format
configure:6011: gcc -c -g -O2  -Wno-suggest-attribute=format  conftest.c >&5
configure:6011: $? = 0
configure:6021: result: yes
configure:6039: : WARN_CFLAGS="$WARN_CFLAGS"
configure:6042: $? = 0
configure:6083: checking whether C compiler accepts -Wno-error=unused-parameter
configure:6103: gcc -c -g -O2  -Wno-error=unused-parameter  conftest.c >&5
configure:6103: $? = 0
configure:6113: result: yes
configure:6131: : WARN_CFLAGS="$WARN_CFLAGS"
configure:6134: $? = 0
configure:6083: checking whether C compiler accepts -Wno-error=missing-field-initializers
configure:6103: gcc -c -g -O2  -Wno-error=missing-field-initializers  conftest.c >&5
configure:6103: $? = 0
configure:6113: result: yes
configure:6131: : WARN_CFLAGS="$WARN_CFLAGS"
configure:6134: $? = 0
configure:6191: checking whether C compiler accepts -Werror=unknown-warning-option
configure:6220: result: no
configure:6234: checking whether the linker accepts -Wl,--as-needed
configure:6254: gcc -o conftest -g -O2    -Wl,--as-needed conftest.c  >&5
configure:6254: $? = 0
configure:6264: result: yes
configure:6275: checking whether the linker accepts -Wl,--as-needed
configure:6295: gcc -o conftest -g -O2    -Wl,--as-needed conftest.c  >&5
configure:6295: $? = 0
configure:6306: result: yes
configure:6335: : AM_LDFLAGS="$AM_LDFLAGS"
configure:6338: $? = 0
configure:6354: checking whether the linker accepts -Wl,-z,relro
configure:6374: gcc -o conftest -g -O2    -Wl,-z,relro conftest.c  >&5
configure:6374: $? = 0
configure:6384: result: yes
configure:6395: checking whether the linker accepts -Wl,-z,relro
configure:6415: gcc -o conftest -g -O2    -Wl,-z,relro conftest.c  >&5
configure:6415: $? = 0
configure:6426: result: yes
configure:6444: : AM_LDFLAGS="$AM_LDFLAGS"
configure:6447: $? = 0
configure:6474: checking whether the linker accepts -Wl,-z,now
configure:6494: gcc -o conftest -g -O2    -Wl,-z,now conftest.c  >&5
configure:6494: $? = 0
configure:6504: result: yes
configure:6515: checking whether the linker accepts -Wl,-z,now
configure:6535: gcc -o conftest -g -O2    -Wl,-z,now conftest.c  >&5
configure:6535: $? = 0
configure:6546: result: yes
configure:6564: : AM_LDFLAGS="$AM_LDFLAGS"
configure:6567: $? = 0
configure:6594: checking whether the linker accepts -Wl,-z,noexecstack
configure:6614: gcc -o conftest -g -O2    -Wl,-z,noexecstack conftest.c  >&5
configure:6614: $? = 0
configure:6624: result: yes
configure:6635: checking whether the linker accepts -Wl,-z,noexecstack
configure:6655: gcc -o conftest -g -O2    -Wl,-z,noexecstack conftest.c  >&5
configure:6655: $? = 0
configure:6666: result: yes
configure:6684: : AM_LDFLAGS="$AM_LDFLAGS"
configure:6687: $? = 0
configure:6717: checking whether the linker accepts -Wl,--no-as-needed
configure:6737: gcc -o conftest -g -O2    -Wl,--no-as-needed conftest.c  >&5
configure:6737: $? = 0
configure:6747: result: yes
configure:6763: checking whether the linker accepts -Wl,--fatal-warnings
configure:6783: gcc -o conftest -g -O2    -Wl,--fatal-warnings conftest.c  >&5
configure:6783: $? = 0
configure:6793: result: yes
configure:6804: checking whether the linker accepts -Wl,-fatal_warnings
configure:6824: gcc -o conftest -g -O2    -Wl,-fatal_warnings conftest.c  >&5
/usr/bin/ld: -f may not be used without -shared
collect2: error: ld returned 1 exit status
configure:6824: $? = 1
configure: failed program was:
| /* confdefs.h */
| #define PACKAGE_NAME "42sh"
| #define PACKAGE_TARNAME "42sh"
| #define PACKAGE_VERSION "1.0"
| #define PACKAGE_STRING "42sh 1.0"
| #define PACKAGE_BUGREPORT "42sh@assistants.epita.fr"
| #define PACKAGE_URL ""
| #define PACKAGE "42sh"
| #define VERSION "1.0"
| /* end confdefs.h.  */
| 
| int
| main (void)
| {
| 
|   ;
|   return 0;
| }
configure:6834: result: no
configure:6853: checking whether the linker accepts -Wl,--no-as-needed
configure:6873: gcc -o conftest -g -O2    -Wl,--no-as-needed conftest.c  >&5
configure:6873: $? = 0
configure:6884: result: yes
configure:6913: : WARN_LDFLAGS="$WARN_LDFLAGS"
configure:6916: $? = 0
configure:7028: checking whether the linker accepts -Wl,--fatal-warnings
configure:7048: gcc -o conftest -g -O2    -Wl,--fatal-warnings conftest.c  >&5
configure:7048: $? = 0
configure:7059: result: yes
configure:7077: : WARN_LDFLAGS="$WARN_LDFLAGS"
configure:7080: $? = 0
configure:7141: : WARN_SCANNERFLAGS="$WARN_SCANNERFLAGS"
configure:7144: $? = 0
configure:7168: : WARN_SCANNERFLAGS="$WARN_SCANNERFLAGS"
configure:7171: $? = 0
configure:7207: : WARN_SCANNERFLAGS="$WARN_SCANNERFLAGS"
configure:7210: $? = 0
configure:7374: checking that generated files are newer than configure
configure:7380: result: done
configure:7407: creating ./config.status

## ---------------- ##
## Cache variables. ##
## ---------------- ##

ac_cv_c_compiler_gnu=yes
ac_cv_env_CC_set=
ac_cv_env_CC_value=
ac_cv_env_CFLAGS_set=
ac_cv_env_CFLAGS_value=
ac_cv_env_CPPFLAGS_set=
ac_cv_env_CPPFLAGS_value=
ac_cv_env_LDFLAGS_set=
ac_cv_env_LDFLAGS_value=
ac_cv_env_LIBS_set=
ac_cv_env_LIBS_value=
ac_cv_env_build_alias_set=
ac_cv_env_build_alias_value=
ac_cv_env_host_alias_set=
ac_cv_env_host_alias_value=
ac_cv_env_target_alias_set=
ac_cv_env_target_alias_value=
ac_cv_objext=o
ac_cv_path_SED=/usr/bin/sed
ac_cv_path_install='/usr/bin/install -c'
ac_cv_path_mkdir=/usr/bin/mkdir
ac_cv_prog_AWK=gawk
ac_cv_prog_ac_ct_AR=ar
ac_cv_prog_ac_ct_CC=gcc
ac_cv_prog_ac_ct_RANLIB=ranlib
ac_cv_prog_cc_c11=
ac_cv_prog_cc_g=yes
ac_cv_prog_cc_stdc=
ac_cv_prog_make_make_set=yes
am_cv_CC_dependencies_compiler_type=gcc3
am_cv_ar_interface=ar
am_cv_make_support_nested_variables=yes
am_cv_prog_cc_c_o=yes
ax_cv_check_cflags__O0=yes
ax_cv_check_cflags__Wall=yes
ax_cv_check_cflags__Warray_bounds=yes
ax_cv_check_cflags__Wcast_align=yes
ax_cv_check_cflags__Wdeclaration_after_statement=yes
ax_cv_check_cflags__Wdouble_promotion=yes
ax_cv_check_cflags__Wduplicated_branches=yes
ax_cv_check_cflags__Wduplicated_cond=yes
ax_cv_check_cflags__Werror=yes
ax_cv_check_cflags__Wextra=yes
ax_cv_check_cflags__Wformat_2=yes
ax_cv_check_cflags__Wformat_nonliteral=yes
ax_cv_check_cflags__Wformat_security=yes
ax_cv_check_cflags__Wimplicit_function_declaration=yes
ax_cv_check_cflags__Winit_self=yes
ax_cv_check_cflags__Winline=yes
ax_cv_check_cflags__Wjump_misses_init=yes
ax_cv_check_cflags__Wlogical_op=yes
ax_cv_check_cflags__Wmissing_declarations=yes
ax_cv_check_cflags__Wmissing_format_attribute=yes
ax_cv_check_cflags__Wmissing_include_dirs=yes
ax_cv_check_cflags__Wmissing_noreturn=yes
ax_cv_check_cflags__Wmissing_prototypes=yes
ax_cv_check_cflags__Wnested_externs=yes
ax_cv_check_cflags__Wno_error_missing_field_initializers=yes
ax_cv_check_cflags__Wno_error_unused_parameter=yes
ax_cv_check_cflags__Wno_missing_field_initializers=yes
ax_cv_check_cflags__Wno_suggest_attribute_format=yes
ax_cv_check_cflags__Wno_unused_parameter=yes
ax_cv_check_cflags__Wnull_dereference=yes
ax_cv_check_cflags__Wold_style_definition=yes
ax_cv_check_cflags__Wpacked=yes
ax_cv_check_cflags__Wpointer_arith=yes
ax_cv_check_cflags__Wredundant_decls=yes
ax_cv_check_cflags__Wrestrict=yes
ax_cv_check_cflags__Wreturn_type=yes
ax_cv_check_cflags__Wshadow=yes
ax_cv_check_cflags__Wsign_compare=yes
ax_cv_check_cflags__Wstrict_aliasing=yes
ax_cv_check_cflags__Wstrict_prototypes=yes
ax_cv_check_cflags__Wswitch_default=yes
ax_cv_check_cflags__Wswitch_enum=yes
ax_cv_check_cflags__Wundef=yes
ax_cv_check_cflags__Wunused_but_set_variable=yes
ax_cv_check_cflags__Wvla=yes
ax_cv_check_cflags__Wwrite_strings=yes
ax_cv_check_cflags___Werror_unknown_warning_option=no
ax_cv_check_cflags___Wno_suggest_attribute_format=yes
ax_cv_check_cflags__fno_strict_aliasing=yes
ax_cv_check_cflags__fsanitize_address=yes
ax_cv_check_cflags__g=yes
ax_cv_check_cflags__pedantic=yes
ax_cv_check_cflags__std_c99=yes
ax_cv_check_ldflags__Wl___as_needed=yes
ax_cv_check_ldflags__Wl___fatal_warnings=yes
ax_cv_check_ldflags__Wl___no_as_needed=yes
ax_cv_check_ldflags__Wl__z_noexecstack=yes
ax_cv_check_ldflags__Wl__z_now=yes
ax_cv_check_ldflags__Wl__z_relro=yes
ax_cv_check_ldflags___Wl___as_needed=yes
ax_cv_check_ldflags___Wl___fatal_warnings=yes
ax_cv_check_ldflags___Wl___no_as_needed=yes
ax_cv_check_ldflags___Wl__fatal_warnings=no
ax_cv_check_ldflags___Wl__z_noexecstack=yes
ax_cv_check_ldflags___Wl__z_now=yes
ax_cv_check_ldflags___Wl__z_relro=yes

## ----------------- ##
## Output variables. ##
## ----------------- ##

ACLOCAL='${SHELL} '\''/home/gaspard/ing/42sh/ekip49/missing'\'' aclocal-1.16'
AMDEPBACKSLASH='\'
AMDEP_FALSE='#'
AMDEP_TRUE=''
AMTAR='$${TAR-tar}'
AM_BACKSLASH='\'
AM_DEFAULT_V='$(AM_DEFAULT_VERBOSITY)'
AM_DEFAULT_VERBOSITY='0'
AM_V='$(V)'
AR='ar'
AUTOCONF='${SHELL} '\''/home/gaspard/ing/42sh/ekip49/missing'\'' autoconf'
AUTOHEADER='${SHELL} '\''/home/gaspard/ing/42sh/ekip49/missing'\'' autoheader'
AUTOMAKE='${SHELL} '\''/home/gaspard/ing/42sh/ekip49/missing'\'' automake-1.16'
AWK='gawk'
CC='gcc'
CCDEPMODE='depmode=gcc3'
CFLAGS='-g -O2'
CPPFLAGS=''
CSCOPE='cscope'
CTAGS='ctags'
CYGPATH_W='echo'
DEFS='-DPACKAGE_NAME=\"42sh\" -DPACKAGE_TARNAME=\"42sh\" -DPACKAGE_VERSION=\"1.0\" -DPACKAGE_STRING=\"42sh\ 1.0\" -DPACKAGE_BUGREPORT=\"42sh@assistants.epita.fr\" -DPACKAGE_URL=\"\" -DPACKAGE=\"42sh\" -DVERSION=\"1.0\"'
DEPDIR='.deps'
ECHO_C=''
ECHO_N='-n'
ECHO_T=''
ETAGS='etags'
EXEEXT=''
INSTALL_DATA='${INSTALL} -m 644'
INSTALL_PROGRAM='${INSTALL}'
INSTALL_SCRIPT='${INSTALL}'
INSTALL_STRIP_PROGRAM='$(install_sh) -c -s'
LDFLAGS=''
LIBOBJS=''
LIBS=''
LTLIBOBJS=''
MAKEINFO='${SHELL} '\''/home/gaspard/ing/42sh/ekip49/missing'\'' makeinfo'
MKDIR_P='/usr/bin/mkdir -p'
OBJEXT='o'
PACKAGE='42sh'
PACKAGE_BUGREPORT='42sh@assistants.epita.fr'
PACKAGE_NAME='42sh'
PACKAGE_STRING='42sh 1.0'
PACKAGE_TARNAME='42sh'
PACKAGE_URL=''
PACKAGE_VERSION='1.0'
PATH_SEPARATOR=':'
RANLIB='ranlib'
SED='/usr/bin/sed'
SET_MAKE=''
SHELL='/bin/bash'
STRIP=''
VERSION='1.0'
WARN_CFLAGS='-fno-strict-aliasing -std=c99 -Werror -Wall -Wextra -Wvla -pedantic -g -O0 -fsanitize=address -Wnested-externs -Wmissing-prototypes -Wstrict-prototypes -Wdeclaration-after-statement -Wimplicit-function-declaration -Wold-style-definition -Wjump-misses-init -Wundef -Wwrite-strings -Wpointer-arith -Wmissing-declarations -Wredundant-decls -Wno-unused-parameter -Wno-missing-field-initializers -Wformat=2 -Wcast-align -Wformat-nonliteral -Wformat-security -Wsign-compare -Wstrict-aliasing -Wshadow -Winline -Wpacked -Wmissing-format-attribute -Wmissing-noreturn -Winit-self -Wmissing-include-dirs -Wunused-but-set-variable -Warray-bounds -Wreturn-type -Wswitch-enum -Wswitch-default -Wduplicated-cond -Wduplicated-branches -Wlogical-op -Wrestrict -Wnull-dereference -Wdouble-promotion -Wno-suggest-attribute=format -Wno-error=unused-parameter -Wno-error=missing-field-initializers'
WARN_LDFLAGS='-Wl,--no-as-needed -Wl,--fatal-warnings'
WARN_SCANNERFLAGS='              --warn-all                                                                           --warn-error         '
ac_ct_AR='ar'
ac_ct_CC='gcc'
am__EXEEXT_FALSE=''
am__EXEEXT_TRUE='#'
am__fastdepCC_FALSE='#'
am__fastdepCC_TRUE=''
am__include='include'
am__isrc=''
am__leading_dot='.'
am__nodep='_no'
am__quote=''
am__tar='$${TAR-tar} chof - "$$tardir"'
am__untar='$${TAR-tar} xf -'
bindir='${exec_prefix}/bin'
build_alias=''
datadir='${datarootdir}'
datarootdir='${prefix}/share'
docdir='${datarootdir}/doc/${PACKAGE_TARNAME}'
dvidir='${docdir}'
exec_prefix='${prefix}'
host_alias=''
htmldir='${docdir}'
includedir='${prefix}/include'
infodir='${datarootdir}/info'
install_sh='${SHELL} /home/gaspard/ing/42sh/ekip49/install-sh'
libdir='${exec_prefix}/lib'
libexecdir='${exec_prefix}/libexec'
localedir='${datarootdir}/locale'
localstatedir='${prefix}/var'
mandir='${datarootdir}/man'
mkdir_p='$(MKDIR_P)'
oldincludedir='/usr/include'
pdfdir='${docdir}'
prefix='/usr/local'
program_transform_name='s,x,x,'
psdir='${docdir}'
runstatedir='${localstatedir}/run'
sbindir='${exec_prefix}/sbin'
sharedstatedir='${prefix}/com'
sysconfdir='${prefix}/etc'
target_alias=''

## ----------- ##
## confdefs.h. ##
## ----------- ##

/* confdefs.h */
#define PACKAGE_NAME "42sh"
#define PACKAGE_TARNAME "42sh"
#define PACKAGE_VERSION "1.0"
#define PACKAGE_STRING "42sh 1.0"
#define PACKAGE_BUGREPORT "42sh@assistants.epita.fr"
#define PACKAGE_URL ""
#define PACKAGE "42sh"
#define VERSION "1.0"

configure: exit 0

## ---------------------- ##
## Running config.status. ##
## ---------------------- ##

This file was extended by 42sh config.status 1.0, which was
generated by GNU Autoconf 2.71.  Invocation command line was

  CONFIG_FILES    = 
  CONFIG_HEADERS  = 
  CONFIG_LINKS    = 
  CONFIG_COMMANDS = 
  $ ./config.status 

on Dragon-fly

config.status:789: creating Makefile
config.status:789: creating src/Makefile
config.status:789: creating src/ast/Makefile
config.status:789: creating src/streams/Makefile
config.status:789: creating src/mbtstr/Makefile
config.status:789: creating src/lexer/Makefile
config.status:789: creating src/utils/Makefile
config.status:789: creating src/builtins/Makefile
config.status:789: creating tests/Makefile
config.status:961: executing depfiles commands
config.status:1038: cd src       && sed -e '/# am--include-marker/d' Makefile         | make -f - am--depfiles
make[1]: Entering directory '/home/gaspard/ing/42sh/ekip49/src'
make[1]: Nothing to be done for 'am--depfiles'.
make[1]: Leaving directory '/home/gaspard/ing/42sh/ekip49/src'
config.status:1043: $? = 0
config.status:1038: cd src/ast       && sed -e '/# am--include-marker/d' Makefile         | make -f - am--depfiles
make[1]: Entering directory '/home/gaspard/ing/42sh/ekip49/src/ast'
make[1]: Nothing to be done for 'am--depfiles'.
make[1]: Leaving directory '/home/gaspard/ing/42sh/ekip49/src/ast'
config.status:1043: $? = 0
config.status:1038: cd src/streams       && sed -e '/# am--include-marker/d' Makefile         | make -f - am--depfiles
make[1]: Entering directory '/home/gaspard/ing/42sh/ekip49/src/streams'
make[1]: Nothing to be done for 'am--depfiles'.
make[1]: Leaving directory '/home/gaspard/ing/42sh/ekip49/src/streams'
config.status:1043: $? = 0
config.status:1038: cd src/mbtstr       && sed -e '/# am--include-marker/d' Makefile         | make -f - am--depfiles
make[1]: Entering directory '/home/gaspard/ing/42sh/ekip49/src/mbtstr'
make[1]: Nothing to be done for 'am--depfiles'.
make[1]: Leaving directory '/home/gaspard/ing/42sh/ekip49/src/mbtstr'
config.status:1043: $? = 0
config.status:1038: cd src/lexer       && sed -e '/# am--include-marker/d' Makefile         | make -f - am--depfiles
make[1]: Entering directory '/home/gaspard/ing/42sh/ekip49/src/lexer'
make[1]: Nothing to be done for 'am--depfiles'.
make[1]: Leaving directory '/home/gaspard/ing/42sh/ekip49/src/lexer'
config.status:1043: $? = 0
config.status:1038: cd src/utils       && sed -e '/# am--include-marker/d' Makefile         | make -f - am--depfiles
make[1]: Entering directory '/home/gaspard/ing/42sh/ekip49/src/utils'
make[1]: Nothing to be done for 'am--depfiles'.
make[1]: Leaving directory '/home/gaspard/ing/42sh/ekip49/src/utils'
config.status:1043: $? = 0
config.status:1038: cd src/builtins       && sed -e '/# am--include-marker/d' Makefile         | make -f - am--depfiles
make[1]: Entering directory '/home/gaspard/ing/42sh/ekip49/src/builtins'
make[1]: Nothing to be done for 'am--depfiles'.
make[1]: Leaving directory '/home/gaspard/ing/42sh/ekip49/src/builtins'
config.status:1043: $? = 0

## ---------------------- ##
## Running config.status. ##
## ---------------------- ##

This file was extended by 42sh config.status 1.0, which was
generated by GNU Autoconf 2.71.  Invocation command line was

  CONFIG_FILES    = 
  CONFIG_HEADERS  = 
  CONFIG_LINKS    = 
  CONFIG_COMMANDS = 
  $ ./config.status 

on Dragon-fly

config.status:789: creating Makefile
config.status:789: creating src/Makefile
config.status:789: creating src/ast/Makefile
config.status:789: creating src/streams/Makefile
config.status:789: creating src/mbtstr/Makefile
config.status:789: creating src/lexer/Makefile
config.status:789: creating src/utils/Makefile
config.status:789: creating src/builtins/Makefile
config.status:789: creating tests/Makefile
config.status:961: executing depfiles commands
config.status:1038: cd src       && sed -e '/# am--include-marker/d' Makefile         | make -f - am--depfiles
make[1]: Entering directory '/home/gaspard/ing/42sh/ekip49/src'
make[1]: Nothing to be done for 'am--depfiles'.
make[1]: Leaving directory '/home/gaspard/ing/42sh/ekip49/src'
config.status:1043: $? = 0
config.status:1038: cd src/ast       && sed -e '/# am--include-marker/d' Makefile         | make -f - am--depfiles
make[1]: Entering directory '/home/gaspard/ing/42sh/ekip49/src/ast'
make[1]: Nothing to be done for 'am--depfiles'.
make[1]: Leaving directory '/home/gaspard/ing/42sh/ekip49/src/ast'
config.status:1043: $? = 0
config.status:1038: cd src/streams       && sed -e '/# am--include-marker/d' Makefile         | make -f - am--depfiles
make[1]: Entering directory '/home/gaspard/ing/42sh/ekip49/src/streams'
make[1]: Nothing to be done for 'am--depfiles'.
make[1]: Leaving directory '/home/gaspard/ing/42sh/ekip49/src/streams'
config.status:1043: $? = 0
config.status:1038: cd src/mbtstr       && sed -e '/# am--include-marker/d' Makefile         | make -f - am--depfiles
make[1]: Entering directory '/home/gaspard/ing/42sh/ekip49/src/mbtstr'
make[1]: Nothing to be done for 'am--depfiles'.
make[1]: Leaving directory '/home/gaspard/ing/42sh/ekip49/src/mbtstr'
config.status:1043: $? = 0
config.status:1038: cd src/lexer       && sed -e '/# am--include-marker/d' Makefile         | make -f - am--depfiles
make[1]: Entering directory '/home/gaspard/ing/42sh/ekip49/src/lexer'
make[1]: Nothing to be done for 'am--depfiles'.
make[1]: Leaving directory '/home/gaspard/ing/42sh/ekip49/src/lexer'
config.status:1043: $? = 0
config.status:1038: cd src/utils       && sed -e '/# am--include-marker/d' Makefile         | make -f - am--depfiles
make[1]: Entering directory '/home/gaspard/ing/42sh/ekip49/src/utils'
make[1]: Nothing to be done for 'am--depfiles'.
make[1]: Leaving directory '/home/gaspard/ing/42sh/ekip49/src/utils'
config.status:1043: $? = 0
config.status:1038: cd src/builtins       && sed -e '/# am--include-marker/d' Makefile         | make -f - am--depfiles
make[1]: Entering directory '/home/gaspard/ing/42sh/ekip49/src/builtins'
make[1]: Nothing to be done for 'am--depfiles'.
make[1]: Leaving directory '/home/gaspard/ing/42sh/ekip49/src/builtins'
config.status:1043: $? = 0

## ---------------------- ##
## Running config.status. ##
## ---------------------- ##

This file was extended by 42sh config.status 1.0, which was
generated by GNU Autoconf 2.71.  Invocation command line was

  CONFIG_FILES    = 
  CONFIG_HEADERS  = 
  CONFIG_LINKS    = 
  CONFIG_COMMANDS = 
  $ ./config.status 

on Dragon-fly

config.status:789: creating Makefile
config.status:789: creating src/Makefile
config.status:789: creating src/ast/Makefile
config.status:789: creating src/streams/Makefile
config.status:789: creating src/mbtstr/Makefile
config.status:789: creating src/lexer/Makefile
config.status:789: creating src/utils/Makefile
config.status:789: creating src/builtins/Makefile
config.status:789: creating tests/Makefile
config.status:961: executing depfiles commands
config.status:1038: cd src       && sed -e '/# am--include-marker/d' Makefile         | make -f - am--depfiles
make[1]: Entering directory '/home/gaspard/ing/42sh/ekip49/src'
make[1]: Nothing to be done for 'am--depfiles'.
make[1]: Leaving directory '/home/gaspard/ing/42sh/ekip49/src'
config.status:1043: $? = 0
config.status:1038: cd src/ast       && sed -e '/# am--include-marker/d' Makefile         | make -f - am--depfiles
make[1]: Entering directory '/home/gaspard/ing/42sh/ekip49/src/ast'
make[1]: Nothing to be done for 'am--depfiles'.
make[1]: Leaving directory '/home/gaspard/ing/42sh/ekip49/src/ast'
config.status:1043: $? = 0
config.status:1038: cd src/streams       && sed -e '/# am--include-marker/d' Makefile         | make -f - am--depfiles
make[1]: Entering directory '/home/gaspard/ing/42sh/ekip49/src/streams'
make[1]: Nothing to be done for 'am--depfiles'.
make[1]: Leaving directory '/home/gaspard/ing/42sh/ekip49/src/streams'
config.status:1043: $? = 0
config.status:1038: cd src/mbtstr       && sed -e '/# am--include-marker/d' Makefile         | make -f - am--depfiles
make[1]: Entering directory '/home/gaspard/ing/42sh/ekip49/src/mbtstr'
make[1]: Nothing to be done for 'am--depfiles'.
make[1]: Leaving directory '/home/gaspard/ing/42sh/ekip49/src/mbtstr'
config.status:1043: $? = 0
config.status:1038: cd src/lexer       && sed -e '/# am--include-marker/d' Makefile         | make -f - am--depfiles
make[1]: Entering directory '/home/gaspard/ing/42sh/ekip49/src/lexer'
make[1]: Nothing to be done for 'am--depfiles'.
make[1]: Leaving directory '/home/gaspard/ing/42sh/ekip49/src/lexer'
config.status:1043: $? = 0
config.status:1038: cd src/utils       && sed -e '/# am--include-marker/d' Makefile         | make -f - am--depfiles
make[1]: Entering directory '/home/gaspard/ing/42sh/ekip49/src/utils'
make[1]: Nothing to be done for 'am--depfiles'.
make[1]: Leaving directory '/home/gaspard/ing/42sh/ekip49/src/utils'
config.status:1043: $? = 0
config.status:1038: cd src/builtins       && sed -e '/# am--include-marker/d' Makefile         | make -f - am--depfiles
make[1]: Entering directory '/home/gaspard/ing/42sh/ekip49/src/builtins'
make[1]: Nothing to be done for 'am--depfiles'.
make[1]: Leaving directory '/home/gaspard/ing/42sh/ekip49/src/builtins'
config.status:1043: $? = 0

## ---------------------- ##
## Running config.status. ##
## ---------------------- ##

This file was extended by 42sh config.status 1.0, which was
generated by GNU Autoconf 2.71.  Invocation command line was

  CONFIG_FILES    = 
  CONFIG_HEADERS  = 
  CONFIG_LINKS    = 
  CONFIG_COMMANDS = 
  $ ./config.status 

on Dragon-fly

config.status:789: creating Makefile
config.status:789: creating src/Makefile
config.status:789: creating src/ast/Makefile
config.status:789: creating src/streams/Makefile
config.status:789: creating src/mbtstr/Makefile
config.status:789: creating src/lexer/Makefile
config.status:789: creating src/utils/Makefile
config.status:789: creating src/builtins/Makefile
config.status:789: creating tests/Makefile
config.status:961: executing depfiles commands
config.status:1038: cd src       && sed -e '/# am--include-marker/d' Makefile         | make -f - am--depfiles
make[1]: Entering directory '/home/gaspard/ing/42sh/ekip49/src'
make[1]: Nothing to be done for 'am--depfiles'.
make[1]: Leaving directory '/home/gaspard/ing/42sh/ekip49/src'
config.status:1043: $? = 0
config.status:1038: cd src/ast       && sed -e '/# am--include-marker/d' Makefile         | make -f - am--depfiles
make[1]: Entering directory '/home/gaspard/ing/42sh/ekip49/src/ast'
make[1]: Nothing to be done for 'am--depfiles'.
make[1]: Leaving directory '/home/gaspard/ing/42sh/ekip49/src/ast'
config.status:1043: $? = 0
config.status:1038: cd src/streams       && sed -e '/# am--include-marker/d' Makefile         | make -f - am--depfiles
make[1]: Entering directory '/home/gaspard/ing/42sh/ekip49/src/streams'
make[1]: Nothing to be done for 'am--depfiles'.
make[1]: Leaving directory '/home/gaspard/ing/42sh/ekip49/src/streams'
config.status:1043: $? = 0
config.status:1038: cd src/mbtstr       && sed -e '/# am--include-marker/d' Makefile         | make -f - am--depfiles
make[1]: Entering directory '/home/gaspard/ing/42sh/ekip49/src/mbtstr'
make[1]: Nothing to be done for 'am--depfiles'.
make[1]: Leaving directory '/home/gaspard/ing/42sh/ekip49/src/mbtstr'
config.status:1043: $? = 0
config.status:1038: cd src/lexer       && sed -e '/# am--include-marker/d' Makefile         | make -f - am--depfiles
make[1]: Entering directory '/home/gaspard/ing/42sh/ekip49/src/lexer'
make[1]: Nothing to be done for 'am--depfiles'.
make[1]: Leaving directory '/home/gaspard/ing/42sh/ekip49/src/lexer'
config.status:1043: $? = 0
config.status:1038: cd src/utils       && sed -e '/# am--include-marker/d' Makefile         | make -f - am--depfiles
make[1]: Entering directory '/home/gaspard/ing/42sh/ekip49/src/utils'
make[1]: Nothing to be done for 'am--depfiles'.
make[1]: Leaving directory '/home/gaspard/ing/42sh/ekip49/src/utils'
config.status:1043: $? = 0
config.status:1038: cd src/builtins       && sed -e '/# am--include-marker/d' Makefile         | make -f - am--depfiles
make[1]: Entering directory '/home/gaspard/ing/42sh/ekip49/src/builtins'
make[1]: Nothing to be done for 'am--depfiles'.
make[1]: Leaving directory '/home/gaspard/ing/42sh/ekip49/src/builtins'
config.status:1043: $? = 0

## ---------------------- ##
## Running config.status. ##
## ---------------------- ##

This file was extended by 42sh config.status 1.0, which was
generated by GNU Autoconf 2.71.  Invocation command line was

  CONFIG_FILES    = 
  CONFIG_HEADERS  = 
  CONFIG_LINKS    = 
  CONFIG_COMMANDS = 
  $ ./config.status 

on Dragon-fly

config.status:789: creating Makefile
config.status:789: creating src/Makefile
config.status:789: creating src/ast/Makefile
config.status:789: creating src/streams/Makefile
config.status:789: creating src/mbtstr/Makefile
config.status:789: creating src/lexer/Makefile
config.status:789: creating src/utils/Makefile
config.status:789: creating src/builtins/Makefile
config.status:789: creating tests/Makefile
config.status:961: executing depfiles commands
config.status:1038: cd src       && sed -e '/# am--include-marker/d' Makefile         | make -f - am--depfiles
make[1]: Entering directory '/home/gaspard/ing/42sh/ekip49/src'
make[1]: Nothing to be done for 'am--depfiles'.
make[1]: Leaving directory '/home/gaspard/ing/42sh/ekip49/src'
config.status:1043: $? = 0
config.status:1038: cd src/ast       && sed -e '/# am--include-marker/d' Makefile         | make -f - am--depfiles
make[1]: Entering directory '/home/gaspard/ing/42sh/ekip49/src/ast'
make[1]: Nothing to be done for 'am--depfiles'.
make[1]: Leaving directory '/home/gaspard/ing/42sh/ekip49/src/ast'
config.status:1043: $? = 0
config.status:1038: cd src/streams       && sed -e '/# am--include-marker/d' Makefile         | make -f - am--depfiles
make[1]: Entering directory '/home/gaspard/ing/42sh/ekip49/src/streams'
make[1]: Nothing to be done for 'am--depfiles'.
make[1]: Leaving directory '/home/gaspard/ing/42sh/ekip49/src/streams'
config.status:1043: $? = 0
config.status:1038: cd src/mbtstr       && sed -e '/# am--include-marker/d' Makefile         | make -f - am--depfiles
make[1]: Entering directory '/home/gaspard/ing/42sh/ekip49/src/mbtstr'
make[1]: Nothing to be done for 'am--depfiles'.
make[1]: Leaving directory '/home/gaspard/ing/42sh/ekip49/src/mbtstr'
config.status:1043: $? = 0
config.status:1038: cd src/lexer       && sed -e '/# am--include-marker/d' Makefile         | make -f - am--depfiles
make[1]: Entering directory '/home/gaspard/ing/42sh/ekip49/src/lexer'
make[1]: Nothing to be done for 'am--depfiles'.
make[1]: Leaving directory '/home/gaspard/ing/42sh/ekip49/src/lexer'
config.status:1043: $? = 0
config.status:1038: cd src/utils       && sed -e '/# am--include-marker/d' Makefile         | make -f - am--depfiles
make[1]: Entering directory '/home/gaspard/ing/42sh/ekip49/src/utils'
make[1]: Nothing to be done for 'am--depfiles'.
make[1]: Leaving directory '/home/gaspard/ing/42sh/ekip49/src/utils'
config.status:1043: $? = 0
config.status:1038: cd src/builtins       && sed -e '/# am--include-marker/d' Makefile         | make -f - am--depfiles
make[1]: Entering directory '/home/gaspard/ing/42sh/ekip49/src/builtins'
make[1]: Nothing to be done for 'am--depfiles'.
make[1]: Leaving directory '/home/gaspard/ing/42sh/ekip49/src/builtins'
config.status:1043: $? = 0

## ---------------------- ##
## Running config.status. ##
## ---------------------- ##

This file was extended by 42sh config.status 1.0, which was
generated by GNU Autoconf 2.71.  Invocation command line was

  CONFIG_FILES    = 
  CONFIG_HEADERS  = 
  CONFIG_LINKS    = 
  CONFIG_COMMANDS = 
  $ ./config.status src/ast/Makefile depfiles

on Dragon-fly

config.status:789: creating src/ast/Makefile
config.status:961: executing depfiles commands
config.status:1038: cd src/ast       && sed -e '/# am--include-marker/d' Makefile         | make -f - am--depfiles
make[3]: Entering directory '/home/gaspard/ing/42sh/ekip49/src/ast'
make[3]: Nothing to be done for 'am--depfiles'.
make[3]: Leaving directory '/home/gaspard/ing/42sh/ekip49/src/ast'
config.status:1043: $? = 0
